[2016-12-05 01:03:42] ===== Client started =====
déc. 05, 2016 1:03:42 AM java.util.prefs.WindowsPreferences <init>
WARNING: Could not open/create prefs root node Software\JavaSoft\Prefs at root 0x80000002. Windows RegCreateKeyEx(...) returned error code 5.
[2016-12-05 01:04:25] ===== Client started =====
déc. 05, 2016 1:04:25 AM java.util.prefs.WindowsPreferences <init>
WARNING: Could not open/create prefs root node Software\JavaSoft\Prefs at root 0x80000002. Windows RegCreateKeyEx(...) returned error code 5.
[2016-12-05 01:11:38] ===== Client started =====
déc. 05, 2016 1:11:38 AM java.util.prefs.WindowsPreferences <init>
WARNING: Could not open/create prefs root node Software\JavaSoft\Prefs at root 0x80000002. Windows RegCreateKeyEx(...) returned error code 5.
[2016-12-05 01:13:59] ===== Client started =====
déc. 05, 2016 1:13:59 AM java.util.prefs.WindowsPreferences <init>
WARNING: Could not open/create prefs root node Software\JavaSoft\Prefs at root 0x80000002. Windows RegCreateKeyEx(...) returned error code 5.
[2016-12-05 01:17:27] ===== Client started =====
déc. 05, 2016 1:17:27 AM java.util.prefs.WindowsPreferences <init>
WARNING: Could not open/create prefs root node Software\JavaSoft\Prefs at root 0x80000002. Windows RegCreateKeyEx(...) returned error code 5.
[2016-12-05 01:17:52] ===== Client started =====
déc. 05, 2016 1:17:52 AM java.util.prefs.WindowsPreferences <init>
WARNING: Could not open/create prefs root node Software\JavaSoft\Prefs at root 0x80000002. Windows RegCreateKeyEx(...) returned error code 5.
[2016-12-05 01:27:04] ===== Client started =====
déc. 05, 2016 1:27:04 AM java.util.prefs.WindowsPreferences <init>
WARNING: Could not open/create prefs root node Software\JavaSoft\Prefs at root 0x80000002. Windows RegCreateKeyEx(...) returned error code 5.
[2016-12-05 01:28:41] ===== Client started =====
déc. 05, 2016 1:28:41 AM java.util.prefs.WindowsPreferences <init>
WARNING: Could not open/create prefs root node Software\JavaSoft\Prefs at root 0x80000002. Windows RegCreateKeyEx(...) returned error code 5.
Exception in thread "Haven main thread" java.lang.NoClassDefFoundError: haven/Coord2d
	at java.lang.Class.getDeclaredMethods0(Native Method)
	at java.lang.Class.privateGetDeclaredMethods(Unknown Source)
	at java.lang.Class.getDeclaredMethod(Unknown Source)
	at haven.Widget$FactMaker.make(Widget.java:146)
	at haven.Widget$FactMaker.make(Widget.java:141)
	at haven.Resource$CodeEntry.get(Resource.java:1405)
	at haven.Resource.getcode(Resource.java:1239)
	at haven.Widget.gettype2(Widget.java:192)
	at haven.UI.newwidget(UI.java:155)
	at haven.RemoteUI.run(RemoteUI.java:66)
	at haven.MainFrame.run(MainFrame.java:263)
	at java.lang.Thread.run(Unknown Source)
Caused by: java.lang.ClassNotFoundException: Could not find class haven.Coord2d in resource (ui/locptr(v13))
	at haven.Resource$CodeEntry$1$1.findClass(Resource.java:1318)
	at java.lang.ClassLoader.loadClass(Unknown Source)
	at java.lang.ClassLoader.loadClass(Unknown Source)
	... 12 more
[2016-12-05 02:50:17] ===== Client started =====
déc. 05, 2016 2:50:17 AM java.util.prefs.WindowsPreferences <init>
WARNING: Could not open/create prefs root node Software\JavaSoft\Prefs at root 0x80000002. Windows RegCreateKeyEx(...) returned error code 5.
Exception in thread "Haven main thread" java.lang.NoSuchFieldError: tilesz
	at haven.MapView.<init>(MapView.java:442)
	at haven.MapView$$_.create(MapView.java:429)
	at haven.Widget.makechild(Widget.java:385)
	at haven.UI.newwidget(UI.java:160)
	at haven.RemoteUI.run(RemoteUI.java:66)
	at haven.MainFrame.run(MainFrame.java:263)
	at java.lang.Thread.run(Unknown Source)
[2016-12-05 07:06:14] ===== Client started =====
déc. 05, 2016 7:06:14 AM java.util.prefs.WindowsPreferences <init>
WARNING: Could not open/create prefs root node Software\JavaSoft\Prefs at root 0x80000002. Windows RegCreateKeyEx(...) returned error code 5.
Exception in thread "Haven UI thread" haven.Defer$DeferredException: java.lang.RuntimeException: java.lang.NoSuchFieldError: tilesz
	at haven.Defer$Future.get(Defer.java:168)
	at haven.MCache$Grid.getcut(MCache.java:189)
	at haven.MCache.getcut(MCache.java:453)
	at haven.MapView$2.setup(MapView.java:513)
	at haven.RenderList.setup(RenderList.java:170)
	at haven.RenderList.add(RenderList.java:247)
	at haven.MapView.setup(MapView.java:878)
	at haven.PView$1.setup(PView.java:198)
	at haven.RenderList.setup(RenderList.java:170)
	at haven.RenderList.setup(RenderList.java:197)
	at haven.PView.draw(PView.java:222)
	at haven.MapView.draw(MapView.java:1309)
	at haven.Widget.draw(Widget.java:659)
	at haven.Widget.draw(Widget.java:664)
	at haven.GameUI.draw(GameUI.java:767)
	at haven.Widget.draw(Widget.java:659)
	at haven.Widget.draw(Widget.java:664)
	at haven.RootWidget.draw(RootWidget.java:66)
	at haven.UI.draw(UI.java:146)
	at haven.HavenPanel.rootdraw(HavenPanel.java:302)
	at haven.HavenPanel.run(HavenPanel.java:548)
	at java.lang.Thread.run(Unknown Source)
Caused by: java.lang.RuntimeException: java.lang.NoSuchFieldError: tilesz
	at haven.Utils.construct(Utils.java:1179)
	at haven.MapMesh$1.make(MapMesh.java:57)
	at haven.MapMesh.data(MapMesh.java:90)
	at haven.Tiler.flatmodel(Tiler.java:187)
	at haven.Tiler.model(Tiler.java:206)
	at haven.MapMesh.build(MapMesh.java:306)
	at haven.MCache$Grid$1.call(MCache.java:226)
	at haven.MCache$Grid$1.call(MCache.java:221)
	at haven.Defer$Future$1.run(Defer.java:139)
	at java.security.AccessController.doPrivileged(Native Method)
	at haven.Defer$Future.run(Defer.java:138)
	at haven.Defer$Worker.run(Defer.java:224)
Caused by: java.lang.NoSuchFieldError: tilesz
	at haven.MapMesh$MapSurface.<init>(MapMesh.java:123)
	at sun.reflect.NativeConstructorAccessorImpl.newInstance0(Native Method)
	at sun.reflect.NativeConstructorAccessorImpl.newInstance(Unknown Source)
	at sun.reflect.DelegatingConstructorAccessorImpl.newInstance(Unknown Source)
	at java.lang.reflect.Constructor.newInstance(Unknown Source)
	at haven.Utils.construct(Utils.java:1171)
	... 11 more
[2016-12-05 07:12:20] ===== Client started =====
déc. 05, 2016 7:12:20 AM java.util.prefs.WindowsPreferences <init>
WARNING: Could not open/create prefs root node Software\JavaSoft\Prefs at root 0x80000002. Windows RegCreateKeyEx(...) returned error code 5.
Exception in thread "Haven UI thread" java.lang.NoSuchFieldError: rc
	at haven.Skeleton$FxTrack$SpawnSprite.trigger(Skeleton.java:825)
	at haven.Skeleton$TrackMod.playfx(Skeleton.java:675)
	at haven.Skeleton$TrackMod.tick(Skeleton.java:720)
	at haven.Skeleton$2.tick(Skeleton.java:476)
	at haven.Composited$Poses.tick(Composited.java:97)
	at haven.Composited.tick(Composited.java:473)
	at haven.Composite.ctick(Composite.java:128)
	at haven.Gob.ctick(Gob.java:188)
	at haven.OCache.ctick(OCache.java:91)
	at haven.Glob.ctick(Glob.java:200)
	at haven.HavenPanel.run(HavenPanel.java:537)
	at java.lang.Thread.run(Unknown Source)
[2016-12-05 07:13:35] ===== Client started =====
déc. 05, 2016 7:13:35 AM java.util.prefs.WindowsPreferences <init>
WARNING: Could not open/create prefs root node Software\JavaSoft\Prefs at root 0x80000002. Windows RegCreateKeyEx(...) returned error code 5.
Exception in thread "Haven UI thread" java.lang.NoSuchFieldError: rc
	at haven.Skeleton$FxTrack$SpawnSprite.trigger(Skeleton.java:825)
	at haven.Skeleton$TrackMod.playfx(Skeleton.java:675)
	at haven.Skeleton$TrackMod.tick(Skeleton.java:720)
	at haven.Skeleton$2.tick(Skeleton.java:476)
	at haven.Composited$Poses.tick(Composited.java:97)
	at haven.Composited.tick(Composited.java:473)
	at haven.Composite.ctick(Composite.java:128)
	at haven.Gob.ctick(Gob.java:188)
	at haven.OCache.ctick(OCache.java:91)
	at haven.Glob.ctick(Glob.java:200)
	at haven.HavenPanel.run(HavenPanel.java:537)
	at java.lang.Thread.run(Unknown Source)
[2016-12-05 07:19:58] ===== Client started =====
déc. 05, 2016 7:19:58 AM java.util.prefs.WindowsPreferences <init>
WARNING: Could not open/create prefs root node Software\JavaSoft\Prefs at root 0x80000002. Windows RegCreateKeyEx(...) returned error code 5.
Exception in thread "Haven UI thread" java.lang.RuntimeException: Cannot encode a class haven.Coord2d as TTO
	at haven.Message.addlist(Message.java:373)
	at haven.RemoteUI.rcvmsg(RemoteUI.java:42)
	at haven.UI.wdgmsg(UI.java:244)
	at haven.Widget.wdgmsg(Widget.java:623)
	at haven.Widget.wdgmsg(Widget.java:625)
	at haven.GameUI.wdgmsg(GameUI.java:868)
	at haven.Widget.wdgmsg(Widget.java:625)
	at haven.Widget.wdgmsg(Widget.java:618)
	at haven.LocalMiniMap.mousedown(LocalMiniMap.java:348)
	at haven.Widget.mousedown(Widget.java:673)
	at haven.Window.mousedown(Window.java:196)
	at haven.MinimapWnd.mousedown(MinimapWnd.java:51)
	at haven.Widget.mousedown(Widget.java:673)
	at haven.GameUI.mousedown(GameUI.java:1079)
	at haven.Widget.mousedown(Widget.java:673)
	at haven.UI.mousedown(UI.java:327)
	at haven.HavenPanel.dispatch(HavenPanel.java:437)
	at haven.HavenPanel.run(HavenPanel.java:538)
	at java.lang.Thread.run(Unknown Source)
[2016-12-05 07:20:20] ===== Client started =====
déc. 05, 2016 7:20:20 AM java.util.prefs.WindowsPreferences <init>
WARNING: Could not open/create prefs root node Software\JavaSoft\Prefs at root 0x80000002. Windows RegCreateKeyEx(...) returned error code 5.
Exception in thread "Haven UI thread" java.lang.NullPointerException
	at haven.Coord.sub(Coord.java:96)
	at haven.Window.mousedown(Window.java:201)
	at haven.Widget.mousedown(Widget.java:673)
	at haven.GameUI.mousedown(GameUI.java:1079)
	at haven.Widget.mousedown(Widget.java:673)
	at haven.UI.mousedown(UI.java:327)
	at haven.HavenPanel.dispatch(HavenPanel.java:437)
	at haven.HavenPanel.run(HavenPanel.java:538)
	at java.lang.Thread.run(Unknown Source)
[2016-12-05 07:46:07] ===== Client started =====
déc. 05, 2016 7:46:07 AM java.util.prefs.WindowsPreferences <init>
WARNING: Could not open/create prefs root node Software\JavaSoft\Prefs at root 0x80000002. Windows RegCreateKeyEx(...) returned error code 5.
[2016-12-05 07:49:04] ===== Client started =====
déc. 05, 2016 7:49:04 AM java.util.prefs.WindowsPreferences <init>
WARNING: Could not open/create prefs root node Software\JavaSoft\Prefs at root 0x80000002. Windows RegCreateKeyEx(...) returned error code 5.
Exception in thread "Haven UI thread" java.lang.RuntimeException: Delayed error in resource gfx/terobjs/cupboard (v21), from forking source backed by HTTP res source (http://game.havenandhearth.com/hres/)
	at haven.Resource$Pool$Queued.get(Resource.java:345)
	at haven.Resource$Pool$Queued.get(Resource.java:314)
	at haven.Session$CachedRes$Ref.get(Session.java:143)
	at haven.Session$CachedRes$Ref.get(Session.java:136)
	at haven.ResDrawable.getres(ResDrawable.java:80)
	at haven.Gob.getres(Gob.java:463)
	at haven.Gob.isPlayer(Gob.java:535)
	at haven.LocalMiniMap.drawicons(LocalMiniMap.java:193)
	at haven.LocalMiniMap.draw(LocalMiniMap.java:331)
	at haven.Widget.draw(Widget.java:659)
	at haven.Widget.draw(Widget.java:664)
	at haven.Window.draw(Window.java:135)
	at haven.MinimapWnd.draw(MinimapWnd.java:33)
	at haven.Widget.draw(Widget.java:659)
	at haven.Widget.draw(Widget.java:664)
	at haven.GameUI.draw(GameUI.java:767)
	at haven.Widget.draw(Widget.java:659)
	at haven.Widget.draw(Widget.java:664)
	at haven.RootWidget.draw(RootWidget.java:66)
	at haven.UI.draw(UI.java:146)
	at haven.HavenPanel.rootdraw(HavenPanel.java:302)
	at haven.HavenPanel.run(HavenPanel.java:548)
	at java.lang.Thread.run(Unknown Source)
Caused by: haven.Resource$LoadException: Load error in resource gfx/terobjs/cupboard(v21), from forking source backed by HTTP res source (http://game.havenandhearth.com/hres/)
	at haven.Resource$Pool.handle(Resource.java:402)
	at haven.Resource$Pool.access$1100(Resource.java:291)
	at haven.Resource$Pool$Loader.run(Resource.java:538)
	... 1 more
	Suppressed: haven.Resource$LoadException: Load error in resource gfx/terobjs/cupboard(v21), from cache source backed by FileCache(http://game.havenandhearth.com/hres/)
		... 4 more
		Suppressed: haven.Resource$LoadException: Load error in resource gfx/terobjs/cupboard(v21), from 'remote' jar res source
			... 4 more
			Suppressed: haven.Resource$LoadException: Load error in resource gfx/terobjs/cupboard(v21), from local res source
				... 4 more
			Caused by: java.io.FileNotFoundException: Could not find resource locally: gfx/terobjs/cupboard
				at haven.Resource$JarSource.get(Resource.java:187)
				at haven.Resource$Pool.handle(Resource.java:386)
				... 3 more
		Caused by: java.io.FileNotFoundException: Could not find resource locally: remote/gfx/terobjs/cupboard
			at haven.Resource$JarSource.get(Resource.java:187)
			at haven.Resource$RemoteJarSource.get(Resource.java:199)
			at haven.Resource$Pool.handle(Resource.java:386)
			... 3 more
	Caused by: java.lang.NoSuchFieldError: rang
		at haven.transformers.CupboardFlattener.transform(CupboardFlattener.java:28)
		at haven.ResourceTransformer.transform(ResourceTransformer.java:19)
		at haven.Resource.load(Resource.java:1624)
		at haven.Resource.access$600(Resource.java:39)
		at haven.Resource$Pool.handle(Resource.java:390)
		... 3 more
Caused by: java.lang.NoSuchFieldError: rang
	at haven.transformers.CupboardFlattener.transform(CupboardFlattener.java:28)
	at haven.ResourceTransformer.transform(ResourceTransformer.java:19)
	at haven.Resource.load(Resource.java:1624)
	at haven.Resource.access$600(Resource.java:39)
	at haven.Resource$Pool.handle(Resource.java:390)
	... 3 more
[2016-12-05 07:49:51] ===== Client started =====
déc. 05, 2016 7:49:51 AM java.util.prefs.WindowsPreferences <init>
WARNING: Could not open/create prefs root node Software\JavaSoft\Prefs at root 0x80000002. Windows RegCreateKeyEx(...) returned error code 5.
Exception in thread "Haven UI thread" java.lang.RuntimeException: Cannot encode a class haven.Coord2d as TTO
	at haven.Message.addlist(Message.java:373)
	at haven.RemoteUI.rcvmsg(RemoteUI.java:42)
	at haven.UI.wdgmsg(UI.java:244)
	at haven.Widget.wdgmsg(Widget.java:623)
	at haven.Widget.wdgmsg(Widget.java:625)
	at haven.GameUI.wdgmsg(GameUI.java:868)
	at haven.Widget.wdgmsg(Widget.java:625)
	at haven.Widget.wdgmsg(Widget.java:618)
	at haven.LocalMiniMap.mousedown(LocalMiniMap.java:348)
	at haven.Widget.mousedown(Widget.java:673)
	at haven.Window.mousedown(Window.java:196)
	at haven.MinimapWnd.mousedown(MinimapWnd.java:51)
	at haven.Widget.mousedown(Widget.java:673)
	at haven.GameUI.mousedown(GameUI.java:1079)
	at haven.Widget.mousedown(Widget.java:673)
	at haven.UI.mousedown(UI.java:327)
	at haven.HavenPanel.dispatch(HavenPanel.java:437)
	at haven.HavenPanel.run(HavenPanel.java:538)
	at java.lang.Thread.run(Unknown Source)
